[     105ms] [ERROR] Failed to load resource: the server responded with a status of 404 (Not Found) @ http://localhost:3400/favicon.ico:0
[    1045ms] [ERROR] Failed to load resource: the server responded with a status of 404 (Not Found) @ http://localhost:3400/__poll:0
[    2041ms] [ERROR] Failed to load resource: the server responded with a status of 404 (Not Found) @ http://localhost:3400/__poll:0
[    3044ms] [ERROR] Failed to load resource: the server responded with a status of 404 (Not Found) @ http://localhost:3400/__poll:0
[    4040ms] [ERROR] Failed to load resource: the server responded with a status of 404 (Not Found) @ http://localhost:3400/__poll:0
[    5044ms] [ERROR] Failed to load resource: the server responded with a status of 404 (Not Found) @ http://localhost:3400/__poll:0
[    6041ms] [ERROR] Failed to load resource: the server responded with a status of 404 (Not Found) @ http://localhost:3400/__poll:0
[    7043ms] [ERROR] Failed to load resource: the server responded with a status of 404 (Not Found) @ http://localhost:3400/__poll:0
[    8040ms] [ERROR] Failed to load resource: the server responded with a status of 404 (Not Found) @ http://localhost:3400/__poll:0
[    9042ms] [ERROR] Failed to load resource: the server responded with a status of 404 (Not Found) @ http://localhost:3400/__poll:0
[   10039ms] [ERROR] Failed to load resource: the server responded with a status of 404 (Not Found) @ http://localhost:3400/__poll:0
[   11043ms] [ERROR] Failed to load resource: the server responded with a status of 404 (Not Found) @ http://localhost:3400/__poll:0
[   12041ms] [ERROR] Failed to load resource: the server responded with a status of 404 (Not Found) @ http://localhost:3400/__poll:0
[   13039ms] [ERROR] Failed to load resource: the server responded with a status of 404 (Not Found) @ http://localhost:3400/__poll:0
[   14040ms] [ERROR] Failed to load resource: the server responded with a status of 404 (Not Found) @ http://localhost:3400/__poll:0
[   15042ms] [ERROR] Failed to load resource: the server responded with a status of 404 (Not Found) @ http://localhost:3400/__poll:0
[   16040ms] [ERROR] Failed to load resource: the server responded with a status of 404 (Not Found) @ http://localhost:3400/__poll:0
[   17043ms] [ERROR] Failed to load resource: the server responded with a status of 404 (Not Found) @ http://localhost:3400/__poll:0
[   18042ms] [ERROR] Failed to load resource: the server responded with a status of 404 (Not Found) @ http://localhost:3400/__poll:0
[   19040ms] [ERROR] Failed to load resource: the server responded with a status of 404 (Not Found) @ http://localhost:3400/__poll:0
[   20039ms] [ERROR] Failed to load resource: the server responded with a status of 404 (Not Found) @ http://localhost:3400/__poll:0
[   21039ms] [ERROR] Failed to load resource: the server responded with a status of 404 (Not Found) @ http://localhost:3400/__poll:0
[   22039ms] [ERROR] Failed to load resource: the server responded with a status of 404 (Not Found) @ http://localhost:3400/__poll:0
[   23040ms] [ERROR] Failed to load resource: the server responded with a status of 404 (Not Found) @ http://localhost:3400/__poll:0
[   24040ms] [ERROR] Failed to load resource: the server responded with a status of 404 (Not Found) @ http://localhost:3400/__poll:0
[   25039ms] [ERROR] Failed to load resource: the server responded with a status of 404 (Not Found) @ http://localhost:3400/__poll:0
[   26040ms] [ERROR] Failed to load resource: the server responded with a status of 404 (Not Found) @ http://localhost:3400/__poll:0
[   27042ms] [ERROR] Failed to load resource: the server responded with a status of 404 (Not Found) @ http://localhost:3400/__poll:0
[   28040ms] [ERROR] Failed to load resource: the server responded with a status of 404 (Not Found) @ http://localhost:3400/__poll:0
[   29042ms] [ERROR] Failed to load resource: the server responded with a status of 404 (Not Found) @ http://localhost:3400/__poll:0
[   30043ms] [ERROR] Failed to load resource: the server responded with a status of 404 (Not Found) @ http://localhost:3400/__poll:0
[   31042ms] [ERROR] Failed to load resource: the server responded with a status of 404 (Not Found) @ http://localhost:3400/__poll:0
[   32045ms] [ERROR] Failed to load resource: the server responded with a status of 404 (Not Found) @ http://localhost:3400/__poll:0
[   33042ms] [ERROR] Failed to load resource: the server responded with a status of 404 (Not Found) @ http://localhost:3400/__poll:0
[   34044ms] [ERROR] Failed to load resource: the server responded with a status of 404 (Not Found) @ http://localhost:3400/__poll:0
[   35041ms] [ERROR] Failed to load resource: the server responded with a status of 404 (Not Found) @ http://localhost:3400/__poll:0
[   36040ms] [ERROR] Failed to load resource: the server responded with a status of 404 (Not Found) @ http://localhost:3400/__poll:0
[   37040ms] [ERROR] Failed to load resource: the server responded with a status of 404 (Not Found) @ http://localhost:3400/__poll:0
[   38042ms] [ERROR] Failed to load resource: the server responded with a status of 404 (Not Found) @ http://localhost:3400/__poll:0
[   39039ms] [ERROR] Failed to load resource: the server responded with a status of 404 (Not Found) @ http://localhost:3400/__poll:0
[   40038ms] [ERROR] Failed to load resource: the server responded with a status of 404 (Not Found) @ http://localhost:3400/__poll:0
[   41041ms] [ERROR] Failed to load resource: the server responded with a status of 404 (Not Found) @ http://localhost:3400/__poll:0
[   42038ms] [ERROR] Failed to load resource: the server responded with a status of 404 (Not Found) @ http://localhost:3400/__poll:0
[   43038ms] [ERROR] Failed to load resource: the server responded with a status of 404 (Not Found) @ http://localhost:3400/__poll:0
[   44039ms] [ERROR] Failed to load resource: the server responded with a status of 404 (Not Found) @ http://localhost:3400/__poll:0
[   45041ms] [ERROR] Failed to load resource: the server responded with a status of 404 (Not Found) @ http://localhost:3400/__poll:0
[   46041ms] [ERROR] Failed to load resource: the server responded with a status of 404 (Not Found) @ http://localhost:3400/__poll:0
[   47039ms] [ERROR] Failed to load resource: the server responded with a status of 404 (Not Found) @ http://localhost:3400/__poll:0
[   48038ms] [ERROR] Failed to load resource: the server responded with a status of 404 (Not Found) @ http://localhost:3400/__poll:0
[   49042ms] [ERROR] Failed to load resource: the server responded with a status of 404 (Not Found) @ http://localhost:3400/__poll:0
[   50037ms] [ERROR] Failed to load resource: the server responded with a status of 404 (Not Found) @ http://localhost:3400/__poll:0
[   51039ms] [ERROR] Failed to load resource: the server responded with a status of 404 (Not Found) @ http://localhost:3400/__poll:0
[   52043ms] [ERROR] Failed to load resource: the server responded with a status of 404 (Not Found) @ http://localhost:3400/__poll:0
[   53041ms] [ERROR] Failed to load resource: the server responded with a status of 404 (Not Found) @ http://localhost:3400/__poll:0
[   54040ms] [ERROR] Failed to load resource: the server responded with a status of 404 (Not Found) @ http://localhost:3400/__poll:0
[   55043ms] [ERROR] Failed to load resource: the server responded with a status of 404 (Not Found) @ http://localhost:3400/__poll:0
[   56040ms] [ERROR] Failed to load resource: the server responded with a status of 404 (Not Found) @ http://localhost:3400/__poll:0
[   57038ms] [ERROR] Failed to load resource: the server responded with a status of 404 (Not Found) @ http://localhost:3400/__poll:0
[   58038ms] [ERROR] Failed to load resource: the server responded with a status of 404 (Not Found) @ http://localhost:3400/__poll:0
[   59038ms] [ERROR] Failed to load resource: the server responded with a status of 404 (Not Found) @ http://localhost:3400/__poll:0
[   60042ms] [ERROR] Failed to load resource: the server responded with a status of 404 (Not Found) @ http://localhost:3400/__poll:0
[   61038ms] [ERROR] Failed to load resource: the server responded with a status of 404 (Not Found) @ http://localhost:3400/__poll:0
[   62040ms] [ERROR] Failed to load resource: the server responded with a status of 404 (Not Found) @ http://localhost:3400/__poll:0
[   63041ms] [ERROR] Failed to load resource: the server responded with a status of 404 (Not Found) @ http://localhost:3400/__poll:0
[   64041ms] [ERROR] Failed to load resource: the server responded with a status of 404 (Not Found) @ http://localhost:3400/__poll:0
[   65038ms] [ERROR] Failed to load resource: the server responded with a status of 404 (Not Found) @ http://localhost:3400/__poll:0
[   66040ms] [ERROR] Failed to load resource: the server responded with a status of 404 (Not Found) @ http://localhost:3400/__poll:0
[   67039ms] [ERROR] Failed to load resource: the server responded with a status of 404 (Not Found) @ http://localhost:3400/__poll:0
[   68042ms] [ERROR] Failed to load resource: the server responded with a status of 404 (Not Found) @ http://localhost:3400/__poll:0
[   69039ms] [ERROR] Failed to load resource: the server responded with a status of 404 (Not Found) @ http://localhost:3400/__poll:0
[   70040ms] [ERROR] Failed to load resource: the server responded with a status of 404 (Not Found) @ http://localhost:3400/__poll:0
[   71037ms] [ERROR] Failed to load resource: the server responded with a status of 404 (Not Found) @ http://localhost:3400/__poll:0
[   72039ms] [ERROR] Failed to load resource: the server responded with a status of 404 (Not Found) @ http://localhost:3400/__poll:0
[   73039ms] [ERROR] Failed to load resource: the server responded with a status of 404 (Not Found) @ http://localhost:3400/__poll:0
[   74041ms] [ERROR] Failed to load resource: the server responded with a status of 404 (Not Found) @ http://localhost:3400/__poll:0
[   75038ms] [ERROR] Failed to load resource: the server responded with a status of 404 (Not Found) @ http://localhost:3400/__poll:0
[   76038ms] [ERROR] Failed to load resource: the server responded with a status of 404 (Not Found) @ http://localhost:3400/__poll:0
[   77039ms] [ERROR] Failed to load resource: the server responded with a status of 404 (Not Found) @ http://localhost:3400/__poll:0
[   78039ms] [ERROR] Failed to load resource: the server responded with a status of 404 (Not Found) @ http://localhost:3400/__poll:0
[   79041ms] [ERROR] Failed to load resource: the server responded with a status of 404 (Not Found) @ http://localhost:3400/__poll:0
[   80040ms] [ERROR] Failed to load resource: the server responded with a status of 404 (Not Found) @ http://localhost:3400/__poll:0
[   81041ms] [ERROR] Failed to load resource: the server responded with a status of 404 (Not Found) @ http://localhost:3400/__poll:0
[   82039ms] [ERROR] Failed to load resource: the server responded with a status of 404 (Not Found) @ http://localhost:3400/__poll:0
[   83042ms] [ERROR] Failed to load resource: the server responded with a status of 404 (Not Found) @ http://localhost:3400/__poll:0
[   84038ms] [ERROR] Failed to load resource: the server responded with a status of 404 (Not Found) @ http://localhost:3400/__poll:0
[   85041ms] [ERROR] Failed to load resource: the server responded with a status of 404 (Not Found) @ http://localhost:3400/__poll:0
[   86041ms] [ERROR] Failed to load resource: the server responded with a status of 404 (Not Found) @ http://localhost:3400/__poll:0
[   87040ms] [ERROR] Failed to load resource: the server responded with a status of 404 (Not Found) @ http://localhost:3400/__poll:0
[   88042ms] [ERROR] Failed to load resource: the server responded with a status of 404 (Not Found) @ http://localhost:3400/__poll:0
[   89042ms] [ERROR] Failed to load resource: the server responded with a status of 404 (Not Found) @ http://localhost:3400/__poll:0
[   90039ms] [ERROR] Failed to load resource: the server responded with a status of 404 (Not Found) @ http://localhost:3400/__poll:0
[   91038ms] [ERROR] Failed to load resource: the server responded with a status of 404 (Not Found) @ http://localhost:3400/__poll:0
[   92038ms] [ERROR] Failed to load resource: the server responded with a status of 404 (Not Found) @ http://localhost:3400/__poll:0
[   93039ms] [ERROR] Failed to load resource: the server responded with a status of 404 (Not Found) @ http://localhost:3400/__poll:0
[   94039ms] [ERROR] Failed to load resource: the server responded with a status of 404 (Not Found) @ http://localhost:3400/__poll:0
[   95040ms] [ERROR] Failed to load resource: the server responded with a status of 404 (Not Found) @ http://localhost:3400/__poll:0
[   96038ms] [ERROR] Failed to load resource: the server responded with a status of 404 (Not Found) @ http://localhost:3400/__poll:0
[   97039ms] [ERROR] Failed to load resource: the server responded with a status of 404 (Not Found) @ http://localhost:3400/__poll:0
[   98044ms] [ERROR] Failed to load resource: the server responded with a status of 404 (Not Found) @ http://localhost:3400/__poll:0
[   99037ms] [ERROR] Failed to load resource: the server responded with a status of 404 (Not Found) @ http://localhost:3400/__poll:0
[  100041ms] [ERROR] Failed to load resource: the server responded with a status of 404 (Not Found) @ http://localhost:3400/__poll:0
[  101037ms] [ERROR] Failed to load resource: the server responded with a status of 404 (Not Found) @ http://localhost:3400/__poll:0
[  102042ms] [ERROR] Failed to load resource: the server responded with a status of 404 (Not Found) @ http://localhost:3400/__poll:0
[  103040ms] [ERROR] Failed to load resource: net::ERR_CONNECTION_REFUSED @ http://localhost:3400/__poll:0
[  104036ms] [ERROR] Failed to load resource: net::ERR_CONNECTION_REFUSED @ http://localhost:3400/__poll:0
[  105038ms] [ERROR] Failed to load resource: net::ERR_CONNECTION_REFUSED @ http://localhost:3400/__poll:0
[  106040ms] [ERROR] Failed to load resource: net::ERR_CONNECTION_REFUSED @ http://localhost:3400/__poll:0
[  107037ms] [ERROR] Failed to load resource: net::ERR_CONNECTION_REFUSED @ http://localhost:3400/__poll:0
[  108039ms] [ERROR] Failed to load resource: net::ERR_CONNECTION_REFUSED @ http://localhost:3400/__poll:0
[  109037ms] [ERROR] Failed to load resource: net::ERR_CONNECTION_REFUSED @ http://localhost:3400/__poll:0
[  110039ms] [ERROR] Failed to load resource: net::ERR_CONNECTION_REFUSED @ http://localhost:3400/__poll:0
[  111038ms] [ERROR] Failed to load resource: net::ERR_CONNECTION_REFUSED @ http://localhost:3400/__poll:0
[  112040ms] [ERROR] Failed to load resource: net::ERR_CONNECTION_REFUSED @ http://localhost:3400/__poll:0
[  113039ms] [ERROR] Failed to load resource: net::ERR_CONNECTION_REFUSED @ http://localhost:3400/__poll:0
[  114038ms] [ERROR] Failed to load resource: net::ERR_CONNECTION_REFUSED @ http://localhost:3400/__poll:0
[  115037ms] [ERROR] Failed to load resource: net::ERR_CONNECTION_REFUSED @ http://localhost:3400/__poll:0
[  116038ms] [ERROR] Failed to load resource: net::ERR_CONNECTION_REFUSED @ http://localhost:3400/__poll:0
[  117036ms] [ERROR] Failed to load resource: net::ERR_CONNECTION_REFUSED @ http://localhost:3400/__poll:0
[  118037ms] [ERROR] Failed to load resource: net::ERR_CONNECTION_REFUSED @ http://localhost:3400/__poll:0
[  119038ms] [ERROR] Failed to load resource: net::ERR_CONNECTION_REFUSED @ http://localhost:3400/__poll:0
[  120039ms] [ERROR] Failed to load resource: net::ERR_CONNECTION_REFUSED @ http://localhost:3400/__poll:0
[  121037ms] [ERROR] Failed to load resource: net::ERR_CONNECTION_REFUSED @ http://localhost:3400/__poll:0
[  122039ms] [ERROR] Failed to load resource: net::ERR_CONNECTION_REFUSED @ http://localhost:3400/__poll:0
[  123037ms] [ERROR] Failed to load resource: net::ERR_CONNECTION_REFUSED @ http://localhost:3400/__poll:0
[  124038ms] [ERROR] Failed to load resource: net::ERR_CONNECTION_REFUSED @ http://localhost:3400/__poll:0
[  125037ms] [ERROR] Failed to load resource: net::ERR_CONNECTION_REFUSED @ http://localhost:3400/__poll:0
[  126036ms] [ERROR] Failed to load resource: net::ERR_CONNECTION_REFUSED @ http://localhost:3400/__poll:0
[  127039ms] [ERROR] Failed to load resource: net::ERR_CONNECTION_REFUSED @ http://localhost:3400/__poll:0
[  128036ms] [ERROR] Failed to load resource: net::ERR_CONNECTION_REFUSED @ http://localhost:3400/__poll:0
[  129039ms] [ERROR] Failed to load resource: net::ERR_CONNECTION_REFUSED @ http://localhost:3400/__poll:0
[  130037ms] [ERROR] Failed to load resource: net::ERR_CONNECTION_REFUSED @ http://localhost:3400/__poll:0
[  131037ms] [ERROR] Failed to load resource: net::ERR_CONNECTION_REFUSED @ http://localhost:3400/__poll:0
[  132037ms] [ERROR] Failed to load resource: net::ERR_CONNECTION_REFUSED @ http://localhost:3400/__poll:0
[  133040ms] [ERROR] Failed to load resource: net::ERR_CONNECTION_REFUSED @ http://localhost:3400/__poll:0
[  134036ms] [ERROR] Failed to load resource: net::ERR_CONNECTION_REFUSED @ http://localhost:3400/__poll:0
[  135039ms] [ERROR] Failed to load resource: net::ERR_CONNECTION_REFUSED @ http://localhost:3400/__poll:0
[  136039ms] [ERROR] Failed to load resource: net::ERR_CONNECTION_REFUSED @ http://localhost:3400/__poll:0
[  137037ms] [ERROR] Failed to load resource: net::ERR_CONNECTION_REFUSED @ http://localhost:3400/__poll:0
[  138037ms] [ERROR] Failed to load resource: net::ERR_CONNECTION_REFUSED @ http://localhost:3400/__poll:0
[  139039ms] [ERROR] Failed to load resource: net::ERR_CONNECTION_REFUSED @ http://localhost:3400/__poll:0
[  140037ms] [ERROR] Failed to load resource: net::ERR_CONNECTION_REFUSED @ http://localhost:3400/__poll:0
[  141036ms] [ERROR] Failed to load resource: net::ERR_CONNECTION_REFUSED @ http://localhost:3400/__poll:0
[  142038ms] [ERROR] Failed to load resource: net::ERR_CONNECTION_REFUSED @ http://localhost:3400/__poll:0
[  143038ms] [ERROR] Failed to load resource: net::ERR_CONNECTION_REFUSED @ http://localhost:3400/__poll:0
[  144037ms] [ERROR] Failed to load resource: net::ERR_CONNECTION_REFUSED @ http://localhost:3400/__poll:0
[  145037ms] [ERROR] Failed to load resource: net::ERR_CONNECTION_REFUSED @ http://localhost:3400/__poll:0
[  146038ms] [ERROR] Failed to load resource: net::ERR_CONNECTION_REFUSED @ http://localhost:3400/__poll:0
[  147039ms] [ERROR] Failed to load resource: net::ERR_CONNECTION_REFUSED @ http://localhost:3400/__poll:0
[  148037ms] [ERROR] Failed to load resource: net::ERR_CONNECTION_REFUSED @ http://localhost:3400/__poll:0
[  149038ms] [ERROR] Failed to load resource: net::ERR_CONNECTION_REFUSED @ http://localhost:3400/__poll:0
[  150036ms] [ERROR] Failed to load resource: net::ERR_CONNECTION_REFUSED @ http://localhost:3400/__poll:0
[  151037ms] [ERROR] Failed to load resource: net::ERR_CONNECTION_REFUSED @ http://localhost:3400/__poll:0
[  152038ms] [ERROR] Failed to load resource: net::ERR_CONNECTION_REFUSED @ http://localhost:3400/__poll:0
[  153037ms] [ERROR] Failed to load resource: net::ERR_CONNECTION_REFUSED @ http://localhost:3400/__poll:0
[  154037ms] [ERROR] Failed to load resource: net::ERR_CONNECTION_REFUSED @ http://localhost:3400/__poll:0
