[    1037ms] [ERROR] Failed to load resource: the server responded with a status of 404 (File not found) @ http://localhost:3400/__poll:0
[    2036ms] [ERROR] Failed to load resource: the server responded with a status of 404 (File not found) @ http://localhost:3400/__poll:0
[    3040ms] [ERROR] Failed to load resource: the server responded with a status of 404 (File not found) @ http://localhost:3400/__poll:0
[    4040ms] [ERROR] Failed to load resource: the server responded with a status of 404 (File not found) @ http://localhost:3400/__poll:0
[    5040ms] [ERROR] Failed to load resource: the server responded with a status of 404 (File not found) @ http://localhost:3400/__poll:0
[    6036ms] [ERROR] Failed to load resource: the server responded with a status of 404 (File not found) @ http://localhost:3400/__poll:0
[    7039ms] [ERROR] Failed to load resource: the server responded with a status of 404 (File not found) @ http://localhost:3400/__poll:0
[    8039ms] [ERROR] Failed to load resource: the server responded with a status of 404 (File not found) @ http://localhost:3400/__poll:0
[    9035ms] [ERROR] Failed to load resource: the server responded with a status of 404 (File not found) @ http://localhost:3400/__poll:0
[   10035ms] [ERROR] Failed to load resource: the server responded with a status of 404 (File not found) @ http://localhost:3400/__poll:0
[   11033ms] [ERROR] Failed to load resource: the server responded with a status of 404 (File not found) @ http://localhost:3400/__poll:0
[   12039ms] [ERROR] Failed to load resource: the server responded with a status of 404 (File not found) @ http://localhost:3400/__poll:0
[   13034ms] [ERROR] Failed to load resource: the server responded with a status of 404 (File not found) @ http://localhost:3400/__poll:0
[   14037ms] [ERROR] Failed to load resource: the server responded with a status of 404 (File not found) @ http://localhost:3400/__poll:0
[   15039ms] [ERROR] Failed to load resource: the server responded with a status of 404 (File not found) @ http://localhost:3400/__poll:0
[   16035ms] [ERROR] Failed to load resource: the server responded with a status of 404 (File not found) @ http://localhost:3400/__poll:0
[   17038ms] [ERROR] Failed to load resource: the server responded with a status of 404 (File not found) @ http://localhost:3400/__poll:0
[   18039ms] [ERROR] Failed to load resource: the server responded with a status of 404 (File not found) @ http://localhost:3400/__poll:0
[   19039ms] [ERROR] Failed to load resource: the server responded with a status of 404 (File not found) @ http://localhost:3400/__poll:0
[   20035ms] [ERROR] Failed to load resource: the server responded with a status of 404 (File not found) @ http://localhost:3400/__poll:0
[   21034ms] [ERROR] Failed to load resource: the server responded with a status of 404 (File not found) @ http://localhost:3400/__poll:0
[   22037ms] [ERROR] Failed to load resource: the server responded with a status of 404 (File not found) @ http://localhost:3400/__poll:0
[   23037ms] [ERROR] Failed to load resource: the server responded with a status of 404 (File not found) @ http://localhost:3400/__poll:0
[   24036ms] [ERROR] Failed to load resource: the server responded with a status of 404 (File not found) @ http://localhost:3400/__poll:0
[   25036ms] [ERROR] Failed to load resource: the server responded with a status of 404 (File not found) @ http://localhost:3400/__poll:0
[   26038ms] [ERROR] Failed to load resource: the server responded with a status of 404 (File not found) @ http://localhost:3400/__poll:0
[   27038ms] [ERROR] Failed to load resource: the server responded with a status of 404 (File not found) @ http://localhost:3400/__poll:0
[   28039ms] [ERROR] Failed to load resource: the server responded with a status of 404 (File not found) @ http://localhost:3400/__poll:0
[   29036ms] [ERROR] Failed to load resource: the server responded with a status of 404 (File not found) @ http://localhost:3400/__poll:0
[   30038ms] [ERROR] Failed to load resource: the server responded with a status of 404 (File not found) @ http://localhost:3400/__poll:0
[   31036ms] [ERROR] Failed to load resource: the server responded with a status of 404 (File not found) @ http://localhost:3400/__poll:0
[   32037ms] [ERROR] Failed to load resource: the server responded with a status of 404 (File not found) @ http://localhost:3400/__poll:0
[   33035ms] [ERROR] Failed to load resource: the server responded with a status of 404 (File not found) @ http://localhost:3400/__poll:0
[   34038ms] [ERROR] Failed to load resource: the server responded with a status of 404 (File not found) @ http://localhost:3400/__poll:0
[   35035ms] [ERROR] Failed to load resource: the server responded with a status of 404 (File not found) @ http://localhost:3400/__poll:0
[   36035ms] [ERROR] Failed to load resource: the server responded with a status of 404 (File not found) @ http://localhost:3400/__poll:0
[   37036ms] [ERROR] Failed to load resource: the server responded with a status of 404 (File not found) @ http://localhost:3400/__poll:0
[   38039ms] [ERROR] Failed to load resource: the server responded with a status of 404 (File not found) @ http://localhost:3400/__poll:0
[   39035ms] [ERROR] Failed to load resource: the server responded with a status of 404 (File not found) @ http://localhost:3400/__poll:0
[   40036ms] [ERROR] Failed to load resource: the server responded with a status of 404 (File not found) @ http://localhost:3400/__poll:0
[   41033ms] [ERROR] Failed to load resource: the server responded with a status of 404 (File not found) @ http://localhost:3400/__poll:0
[   42033ms] [ERROR] Failed to load resource: the server responded with a status of 404 (File not found) @ http://localhost:3400/__poll:0
[   43036ms] [ERROR] Failed to load resource: the server responded with a status of 404 (File not found) @ http://localhost:3400/__poll:0
[   44038ms] [ERROR] Failed to load resource: the server responded with a status of 404 (File not found) @ http://localhost:3400/__poll:0
[   45036ms] [ERROR] Failed to load resource: the server responded with a status of 404 (File not found) @ http://localhost:3400/__poll:0
[   46035ms] [ERROR] Failed to load resource: the server responded with a status of 404 (File not found) @ http://localhost:3400/__poll:0
[   47035ms] [ERROR] Failed to load resource: the server responded with a status of 404 (File not found) @ http://localhost:3400/__poll:0
[   48035ms] [ERROR] Failed to load resource: the server responded with a status of 404 (File not found) @ http://localhost:3400/__poll:0
[   49036ms] [ERROR] Failed to load resource: the server responded with a status of 404 (File not found) @ http://localhost:3400/__poll:0
[   50036ms] [ERROR] Failed to load resource: the server responded with a status of 404 (File not found) @ http://localhost:3400/__poll:0
[   51035ms] [ERROR] Failed to load resource: the server responded with a status of 404 (File not found) @ http://localhost:3400/__poll:0
[   52036ms] [ERROR] Failed to load resource: the server responded with a status of 404 (File not found) @ http://localhost:3400/__poll:0
[   53035ms] [ERROR] Failed to load resource: the server responded with a status of 404 (File not found) @ http://localhost:3400/__poll:0
[   54037ms] [ERROR] Failed to load resource: the server responded with a status of 404 (File not found) @ http://localhost:3400/__poll:0
[   55035ms] [ERROR] Failed to load resource: the server responded with a status of 404 (File not found) @ http://localhost:3400/__poll:0
[   56036ms] [ERROR] Failed to load resource: the server responded with a status of 404 (File not found) @ http://localhost:3400/__poll:0
[   57035ms] [ERROR] Failed to load resource: the server responded with a status of 404 (File not found) @ http://localhost:3400/__poll:0
[   58037ms] [ERROR] Failed to load resource: the server responded with a status of 404 (File not found) @ http://localhost:3400/__poll:0
[   59035ms] [ERROR] Failed to load resource: the server responded with a status of 404 (File not found) @ http://localhost:3400/__poll:0
[   60034ms] [ERROR] Failed to load resource: the server responded with a status of 404 (File not found) @ http://localhost:3400/__poll:0
[   61035ms] [ERROR] Failed to load resource: the server responded with a status of 404 (File not found) @ http://localhost:3400/__poll:0
[   62036ms] [ERROR] Failed to load resource: the server responded with a status of 404 (File not found) @ http://localhost:3400/__poll:0
[   63033ms] [ERROR] Failed to load resource: the server responded with a status of 404 (File not found) @ http://localhost:3400/__poll:0
[   64036ms] [ERROR] Failed to load resource: the server responded with a status of 404 (File not found) @ http://localhost:3400/__poll:0
[   65037ms] [ERROR] Failed to load resource: the server responded with a status of 404 (File not found) @ http://localhost:3400/__poll:0
[   66037ms] [ERROR] Failed to load resource: the server responded with a status of 404 (File not found) @ http://localhost:3400/__poll:0
[   67035ms] [ERROR] Failed to load resource: the server responded with a status of 404 (File not found) @ http://localhost:3400/__poll:0
[   68035ms] [ERROR] Failed to load resource: the server responded with a status of 404 (File not found) @ http://localhost:3400/__poll:0
[   69034ms] [ERROR] Failed to load resource: the server responded with a status of 404 (File not found) @ http://localhost:3400/__poll:0
[   70035ms] [ERROR] Failed to load resource: the server responded with a status of 404 (File not found) @ http://localhost:3400/__poll:0
[   71036ms] [ERROR] Failed to load resource: the server responded with a status of 404 (File not found) @ http://localhost:3400/__poll:0
[   72038ms] [ERROR] Failed to load resource: the server responded with a status of 404 (File not found) @ http://localhost:3400/__poll:0
[   73037ms] [ERROR] Failed to load resource: the server responded with a status of 404 (File not found) @ http://localhost:3400/__poll:0
[   74033ms] [ERROR] Failed to load resource: the server responded with a status of 404 (File not found) @ http://localhost:3400/__poll:0
[   75039ms] [ERROR] Failed to load resource: the server responded with a status of 404 (File not found) @ http://localhost:3400/__poll:0
[   76036ms] [ERROR] Failed to load resource: the server responded with a status of 404 (File not found) @ http://localhost:3400/__poll:0
[   77036ms] [ERROR] Failed to load resource: the server responded with a status of 404 (File not found) @ http://localhost:3400/__poll:0
[   78039ms] [ERROR] Failed to load resource: the server responded with a status of 404 (File not found) @ http://localhost:3400/__poll:0
[   79038ms] [ERROR] Failed to load resource: the server responded with a status of 404 (File not found) @ http://localhost:3400/__poll:0
[   80038ms] [ERROR] Failed to load resource: the server responded with a status of 404 (File not found) @ http://localhost:3400/__poll:0
[   81035ms] [ERROR] Failed to load resource: the server responded with a status of 404 (File not found) @ http://localhost:3400/__poll:0
[   82034ms] [ERROR] Failed to load resource: the server responded with a status of 404 (File not found) @ http://localhost:3400/__poll:0
[   83037ms] [ERROR] Failed to load resource: the server responded with a status of 404 (File not found) @ http://localhost:3400/__poll:0
[   84037ms] [ERROR] Failed to load resource: the server responded with a status of 404 (File not found) @ http://localhost:3400/__poll:0
[   85036ms] [ERROR] Failed to load resource: the server responded with a status of 404 (File not found) @ http://localhost:3400/__poll:0
[   86034ms] [ERROR] Failed to load resource: the server responded with a status of 404 (File not found) @ http://localhost:3400/__poll:0
[   87037ms] [ERROR] Failed to load resource: the server responded with a status of 404 (File not found) @ http://localhost:3400/__poll:0
[   88035ms] [ERROR] Failed to load resource: the server responded with a status of 404 (File not found) @ http://localhost:3400/__poll:0
[   89036ms] [ERROR] Failed to load resource: the server responded with a status of 404 (File not found) @ http://localhost:3400/__poll:0
[   90035ms] [ERROR] Failed to load resource: the server responded with a status of 404 (File not found) @ http://localhost:3400/__poll:0
[   91034ms] [ERROR] Failed to load resource: the server responded with a status of 404 (File not found) @ http://localhost:3400/__poll:0
[   92036ms] [ERROR] Failed to load resource: the server responded with a status of 404 (File not found) @ http://localhost:3400/__poll:0
[   93033ms] [ERROR] Failed to load resource: the server responded with a status of 404 (File not found) @ http://localhost:3400/__poll:0
[   94036ms] [ERROR] Failed to load resource: the server responded with a status of 404 (File not found) @ http://localhost:3400/__poll:0
[   95034ms] [ERROR] Failed to load resource: the server responded with a status of 404 (File not found) @ http://localhost:3400/__poll:0
[   96037ms] [ERROR] Failed to load resource: the server responded with a status of 404 (File not found) @ http://localhost:3400/__poll:0
[   97034ms] [ERROR] Failed to load resource: the server responded with a status of 404 (File not found) @ http://localhost:3400/__poll:0
[   98034ms] [ERROR] Failed to load resource: the server responded with a status of 404 (File not found) @ http://localhost:3400/__poll:0
[   99036ms] [ERROR] Failed to load resource: the server responded with a status of 404 (File not found) @ http://localhost:3400/__poll:0
[  100037ms] [ERROR] Failed to load resource: the server responded with a status of 404 (File not found) @ http://localhost:3400/__poll:0
[  101035ms] [ERROR] Failed to load resource: the server responded with a status of 404 (File not found) @ http://localhost:3400/__poll:0
[  102036ms] [ERROR] Failed to load resource: the server responded with a status of 404 (File not found) @ http://localhost:3400/__poll:0
[  103038ms] [ERROR] Failed to load resource: the server responded with a status of 404 (File not found) @ http://localhost:3400/__poll:0
[  104032ms] [ERROR] Failed to load resource: the server responded with a status of 404 (File not found) @ http://localhost:3400/__poll:0
[  105034ms] [ERROR] Failed to load resource: the server responded with a status of 404 (File not found) @ http://localhost:3400/__poll:0
[  106035ms] [ERROR] Failed to load resource: the server responded with a status of 404 (File not found) @ http://localhost:3400/__poll:0
[  107034ms] [ERROR] Failed to load resource: the server responded with a status of 404 (File not found) @ http://localhost:3400/__poll:0
[  108037ms] [ERROR] Failed to load resource: the server responded with a status of 404 (File not found) @ http://localhost:3400/__poll:0
[  109037ms] [ERROR] Failed to load resource: the server responded with a status of 404 (File not found) @ http://localhost:3400/__poll:0
[  110034ms] [ERROR] Failed to load resource: the server responded with a status of 404 (File not found) @ http://localhost:3400/__poll:0
[  111032ms] [ERROR] Failed to load resource: the server responded with a status of 404 (File not found) @ http://localhost:3400/__poll:0
[  112033ms] [ERROR] Failed to load resource: the server responded with a status of 404 (File not found) @ http://localhost:3400/__poll:0
[  113034ms] [ERROR] Failed to load resource: the server responded with a status of 404 (File not found) @ http://localhost:3400/__poll:0
[  114039ms] [ERROR] Failed to load resource: the server responded with a status of 404 (File not found) @ http://localhost:3400/__poll:0
[  115037ms] [ERROR] Failed to load resource: the server responded with a status of 404 (File not found) @ http://localhost:3400/__poll:0
[  116036ms] [ERROR] Failed to load resource: the server responded with a status of 404 (File not found) @ http://localhost:3400/__poll:0
[  117033ms] [ERROR] Failed to load resource: the server responded with a status of 404 (File not found) @ http://localhost:3400/__poll:0
[  118034ms] [ERROR] Failed to load resource: the server responded with a status of 404 (File not found) @ http://localhost:3400/__poll:0
[  119044ms] [ERROR] Failed to load resource: the server responded with a status of 404 (File not found) @ http://localhost:3400/__poll:0
[  120038ms] [ERROR] Failed to load resource: the server responded with a status of 404 (File not found) @ http://localhost:3400/__poll:0
[  121037ms] [ERROR] Failed to load resource: the server responded with a status of 404 (File not found) @ http://localhost:3400/__poll:0
[  122037ms] [ERROR] Failed to load resource: the server responded with a status of 404 (File not found) @ http://localhost:3400/__poll:0
[  123036ms] [ERROR] Failed to load resource: the server responded with a status of 404 (File not found) @ http://localhost:3400/__poll:0
[  124037ms] [ERROR] Failed to load resource: the server responded with a status of 404 (File not found) @ http://localhost:3400/__poll:0
[  125036ms] [ERROR] Failed to load resource: the server responded with a status of 404 (File not found) @ http://localhost:3400/__poll:0
[  126037ms] [ERROR] Failed to load resource: the server responded with a status of 404 (File not found) @ http://localhost:3400/__poll:0
[  127036ms] [ERROR] Failed to load resource: the server responded with a status of 404 (File not found) @ http://localhost:3400/__poll:0
[  128036ms] [ERROR] Failed to load resource: the server responded with a status of 404 (File not found) @ http://localhost:3400/__poll:0
[  129035ms] [ERROR] Failed to load resource: the server responded with a status of 404 (File not found) @ http://localhost:3400/__poll:0
[  130037ms] [ERROR] Failed to load resource: the server responded with a status of 404 (File not found) @ http://localhost:3400/__poll:0
[  131035ms] [ERROR] Failed to load resource: the server responded with a status of 404 (File not found) @ http://localhost:3400/__poll:0
[  132036ms] [ERROR] Failed to load resource: the server responded with a status of 404 (File not found) @ http://localhost:3400/__poll:0
[  133038ms] [ERROR] Failed to load resource: the server responded with a status of 404 (File not found) @ http://localhost:3400/__poll:0
[  134031ms] [ERROR] Failed to load resource: the server responded with a status of 404 (File not found) @ http://localhost:3400/__poll:0
[  135036ms] [ERROR] Failed to load resource: the server responded with a status of 404 (File not found) @ http://localhost:3400/__poll:0
[  136037ms] [ERROR] Failed to load resource: the server responded with a status of 404 (File not found) @ http://localhost:3400/__poll:0
[  137036ms] [ERROR] Failed to load resource: the server responded with a status of 404 (File not found) @ http://localhost:3400/__poll:0
[  138036ms] [ERROR] Failed to load resource: the server responded with a status of 404 (File not found) @ http://localhost:3400/__poll:0
[  139036ms] [ERROR] Failed to load resource: the server responded with a status of 404 (File not found) @ http://localhost:3400/__poll:0
[  140036ms] [ERROR] Failed to load resource: the server responded with a status of 404 (File not found) @ http://localhost:3400/__poll:0
[  141036ms] [ERROR] Failed to load resource: the server responded with a status of 404 (File not found) @ http://localhost:3400/__poll:0
[  142034ms] [ERROR] Failed to load resource: the server responded with a status of 404 (File not found) @ http://localhost:3400/__poll:0
[  143034ms] [ERROR] Failed to load resource: the server responded with a status of 404 (File not found) @ http://localhost:3400/__poll:0
[  144036ms] [ERROR] Failed to load resource: the server responded with a status of 404 (File not found) @ http://localhost:3400/__poll:0
[  145038ms] [ERROR] Failed to load resource: the server responded with a status of 404 (File not found) @ http://localhost:3400/__poll:0
[  146036ms] [ERROR] Failed to load resource: the server responded with a status of 404 (File not found) @ http://localhost:3400/__poll:0
[  147033ms] [ERROR] Failed to load resource: the server responded with a status of 404 (File not found) @ http://localhost:3400/__poll:0
[  148035ms] [ERROR] Failed to load resource: the server responded with a status of 404 (File not found) @ http://localhost:3400/__poll:0
[  149038ms] [ERROR] Failed to load resource: the server responded with a status of 404 (File not found) @ http://localhost:3400/__poll:0
[  150036ms] [ERROR] Failed to load resource: the server responded with a status of 404 (File not found) @ http://localhost:3400/__poll:0
[  151035ms] [ERROR] Failed to load resource: the server responded with a status of 404 (File not found) @ http://localhost:3400/__poll:0
[  152039ms] [ERROR] Failed to load resource: the server responded with a status of 404 (File not found) @ http://localhost:3400/__poll:0
[  153035ms] [ERROR] Failed to load resource: the server responded with a status of 404 (File not found) @ http://localhost:3400/__poll:0
[  154036ms] [ERROR] Failed to load resource: the server responded with a status of 404 (File not found) @ http://localhost:3400/__poll:0
[  155033ms] [ERROR] Failed to load resource: the server responded with a status of 404 (File not found) @ http://localhost:3400/__poll:0
[  156034ms] [ERROR] Failed to load resource: the server responded with a status of 404 (File not found) @ http://localhost:3400/__poll:0
[  157033ms] [ERROR] Failed to load resource: the server responded with a status of 404 (File not found) @ http://localhost:3400/__poll:0
[  158034ms] [ERROR] Failed to load resource: the server responded with a status of 404 (File not found) @ http://localhost:3400/__poll:0
[  159036ms] [ERROR] Failed to load resource: the server responded with a status of 404 (File not found) @ http://localhost:3400/__poll:0
[  160035ms] [ERROR] Failed to load resource: the server responded with a status of 404 (File not found) @ http://localhost:3400/__poll:0
[  161032ms] [ERROR] Failed to load resource: the server responded with a status of 404 (File not found) @ http://localhost:3400/__poll:0
[  162038ms] [ERROR] Failed to load resource: the server responded with a status of 404 (File not found) @ http://localhost:3400/__poll:0
[  163036ms] [ERROR] Failed to load resource: the server responded with a status of 404 (File not found) @ http://localhost:3400/__poll:0
[  164031ms] [ERROR] Failed to load resource: the server responded with a status of 404 (File not found) @ http://localhost:3400/__poll:0
[  165033ms] [ERROR] Failed to load resource: the server responded with a status of 404 (File not found) @ http://localhost:3400/__poll:0
[  166036ms] [ERROR] Failed to load resource: the server responded with a status of 404 (File not found) @ http://localhost:3400/__poll:0
[  167035ms] [ERROR] Failed to load resource: the server responded with a status of 404 (File not found) @ http://localhost:3400/__poll:0
[  168037ms] [ERROR] Failed to load resource: the server responded with a status of 404 (File not found) @ http://localhost:3400/__poll:0
[  169036ms] [ERROR] Failed to load resource: the server responded with a status of 404 (File not found) @ http://localhost:3400/__poll:0
[  170036ms] [ERROR] Failed to load resource: the server responded with a status of 404 (File not found) @ http://localhost:3400/__poll:0
[  171037ms] [ERROR] Failed to load resource: the server responded with a status of 404 (File not found) @ http://localhost:3400/__poll:0
[  172035ms] [ERROR] Failed to load resource: the server responded with a status of 404 (File not found) @ http://localhost:3400/__poll:0
[  173036ms] [ERROR] Failed to load resource: the server responded with a status of 404 (File not found) @ http://localhost:3400/__poll:0
[  174037ms] [ERROR] Failed to load resource: the server responded with a status of 404 (File not found) @ http://localhost:3400/__poll:0
[  175036ms] [ERROR] Failed to load resource: the server responded with a status of 404 (File not found) @ http://localhost:3400/__poll:0
[  176034ms] [ERROR] Failed to load resource: the server responded with a status of 404 (File not found) @ http://localhost:3400/__poll:0
[  177036ms] [ERROR] Failed to load resource: the server responded with a status of 404 (File not found) @ http://localhost:3400/__poll:0
[  178037ms] [ERROR] Failed to load resource: the server responded with a status of 404 (File not found) @ http://localhost:3400/__poll:0
[  179036ms] [ERROR] Failed to load resource: the server responded with a status of 404 (File not found) @ http://localhost:3400/__poll:0
[  180036ms] [ERROR] Failed to load resource: the server responded with a status of 404 (File not found) @ http://localhost:3400/__poll:0
[  181035ms] [ERROR] Failed to load resource: the server responded with a status of 404 (File not found) @ http://localhost:3400/__poll:0
[  182038ms] [ERROR] Failed to load resource: the server responded with a status of 404 (File not found) @ http://localhost:3400/__poll:0
[  183034ms] [ERROR] Failed to load resource: the server responded with a status of 404 (File not found) @ http://localhost:3400/__poll:0
[  184033ms] [ERROR] Failed to load resource: the server responded with a status of 404 (File not found) @ http://localhost:3400/__poll:0
[  185033ms] [ERROR] Failed to load resource: the server responded with a status of 404 (File not found) @ http://localhost:3400/__poll:0
[  186037ms] [ERROR] Failed to load resource: the server responded with a status of 404 (File not found) @ http://localhost:3400/__poll:0
[  187034ms] [ERROR] Failed to load resource: the server responded with a status of 404 (File not found) @ http://localhost:3400/__poll:0
[  188032ms] [ERROR] Failed to load resource: the server responded with a status of 404 (File not found) @ http://localhost:3400/__poll:0
[  189036ms] [ERROR] Failed to load resource: the server responded with a status of 404 (File not found) @ http://localhost:3400/__poll:0
[  190032ms] [ERROR] Failed to load resource: the server responded with a status of 404 (File not found) @ http://localhost:3400/__poll:0
[  191036ms] [ERROR] Failed to load resource: the server responded with a status of 404 (File not found) @ http://localhost:3400/__poll:0
[  192033ms] [ERROR] Failed to load resource: the server responded with a status of 404 (File not found) @ http://localhost:3400/__poll:0
[  193034ms] [ERROR] Failed to load resource: the server responded with a status of 404 (File not found) @ http://localhost:3400/__poll:0
[  194033ms] [ERROR] Failed to load resource: the server responded with a status of 404 (File not found) @ http://localhost:3400/__poll:0
[  195037ms] [ERROR] Failed to load resource: the server responded with a status of 404 (File not found) @ http://localhost:3400/__poll:0
[  196033ms] [ERROR] Failed to load resource: the server responded with a status of 404 (File not found) @ http://localhost:3400/__poll:0
[  197033ms] [ERROR] Failed to load resource: the server responded with a status of 404 (File not found) @ http://localhost:3400/__poll:0
[  198031ms] [ERROR] Failed to load resource: the server responded with a status of 404 (File not found) @ http://localhost:3400/__poll:0
[  199031ms] [ERROR] Failed to load resource: the server responded with a status of 404 (File not found) @ http://localhost:3400/__poll:0
[  200032ms] [ERROR] Failed to load resource: the server responded with a status of 404 (File not found) @ http://localhost:3400/__poll:0
[  201036ms] [ERROR] Failed to load resource: the server responded with a status of 404 (File not found) @ http://localhost:3400/__poll:0
[  202032ms] [ERROR] Failed to load resource: the server responded with a status of 404 (File not found) @ http://localhost:3400/__poll:0
[  203032ms] [ERROR] Failed to load resource: the server responded with a status of 404 (File not found) @ http://localhost:3400/__poll:0
[  204033ms] [ERROR] Failed to load resource: the server responded with a status of 404 (File not found) @ http://localhost:3400/__poll:0
[  205032ms] [ERROR] Failed to load resource: the server responded with a status of 404 (File not found) @ http://localhost:3400/__poll:0
[  206031ms] [ERROR] Failed to load resource: the server responded with a status of 404 (File not found) @ http://localhost:3400/__poll:0
[  207037ms] [ERROR] Failed to load resource: the server responded with a status of 404 (File not found) @ http://localhost:3400/__poll:0
[  208034ms] [ERROR] Failed to load resource: the server responded with a status of 404 (File not found) @ http://localhost:3400/__poll:0
[  209035ms] [ERROR] Failed to load resource: the server responded with a status of 404 (File not found) @ http://localhost:3400/__poll:0
[  210036ms] [ERROR] Failed to load resource: the server responded with a status of 404 (File not found) @ http://localhost:3400/__poll:0
[  211035ms] [ERROR] Failed to load resource: the server responded with a status of 404 (File not found) @ http://localhost:3400/__poll:0
[  212035ms] [ERROR] Failed to load resource: the server responded with a status of 404 (File not found) @ http://localhost:3400/__poll:0
[  213035ms] [ERROR] Failed to load resource: the server responded with a status of 404 (File not found) @ http://localhost:3400/__poll:0
[  214033ms] [ERROR] Failed to load resource: the server responded with a status of 404 (File not found) @ http://localhost:3400/__poll:0
[  215036ms] [ERROR] Failed to load resource: the server responded with a status of 404 (File not found) @ http://localhost:3400/__poll:0
[  216035ms] [ERROR] Failed to load resource: the server responded with a status of 404 (File not found) @ http://localhost:3400/__poll:0
[  217034ms] [ERROR] Failed to load resource: the server responded with a status of 404 (File not found) @ http://localhost:3400/__poll:0
[  218038ms] [ERROR] Failed to load resource: the server responded with a status of 404 (File not found) @ http://localhost:3400/__poll:0
[  219035ms] [ERROR] Failed to load resource: the server responded with a status of 404 (File not found) @ http://localhost:3400/__poll:0
[  220035ms] [ERROR] Failed to load resource: the server responded with a status of 404 (File not found) @ http://localhost:3400/__poll:0
[  221034ms] [ERROR] Failed to load resource: the server responded with a status of 404 (File not found) @ http://localhost:3400/__poll:0
[  222034ms] [ERROR] Failed to load resource: the server responded with a status of 404 (File not found) @ http://localhost:3400/__poll:0
[  223034ms] [ERROR] Failed to load resource: the server responded with a status of 404 (File not found) @ http://localhost:3400/__poll:0
[  224035ms] [ERROR] Failed to load resource: the server responded with a status of 404 (File not found) @ http://localhost:3400/__poll:0
[  225031ms] [ERROR] Failed to load resource: the server responded with a status of 404 (File not found) @ http://localhost:3400/__poll:0
[  226030ms] [ERROR] Failed to load resource: the server responded with a status of 404 (File not found) @ http://localhost:3400/__poll:0
[  227034ms] [ERROR] Failed to load resource: net::ERR_CONNECTION_REFUSED @ http://localhost:3400/__poll:0
[  228029ms] [ERROR] Failed to load resource: net::ERR_CONNECTION_REFUSED @ http://localhost:3400/__poll:0
[  229032ms] [ERROR] Failed to load resource: net::ERR_CONNECTION_REFUSED @ http://localhost:3400/__poll:0
[  230031ms] [ERROR] Failed to load resource: net::ERR_CONNECTION_REFUSED @ http://localhost:3400/__poll:0
[  231029ms] [ERROR] Failed to load resource: net::ERR_CONNECTION_REFUSED @ http://localhost:3400/__poll:0
[  232030ms] [ERROR] Failed to load resource: net::ERR_CONNECTION_REFUSED @ http://localhost:3400/__poll:0
[  233032ms] [ERROR] Failed to load resource: net::ERR_CONNECTION_REFUSED @ http://localhost:3400/__poll:0
[  234031ms] [ERROR] Failed to load resource: net::ERR_CONNECTION_REFUSED @ http://localhost:3400/__poll:0
[  235030ms] [ERROR] Failed to load resource: net::ERR_CONNECTION_REFUSED @ http://localhost:3400/__poll:0
[  236032ms] [ERROR] Failed to load resource: net::ERR_CONNECTION_REFUSED @ http://localhost:3400/__poll:0
[  237033ms] [ERROR] Failed to load resource: net::ERR_CONNECTION_REFUSED @ http://localhost:3400/__poll:0
[  238030ms] [ERROR] Failed to load resource: net::ERR_CONNECTION_REFUSED @ http://localhost:3400/__poll:0
[  239032ms] [ERROR] Failed to load resource: net::ERR_CONNECTION_REFUSED @ http://localhost:3400/__poll:0
[  240029ms] [ERROR] Failed to load resource: net::ERR_CONNECTION_REFUSED @ http://localhost:3400/__poll:0
[  241030ms] [ERROR] Failed to load resource: net::ERR_CONNECTION_REFUSED @ http://localhost:3400/__poll:0
[  242032ms] [ERROR] Failed to load resource: net::ERR_CONNECTION_REFUSED @ http://localhost:3400/__poll:0
[  243031ms] [ERROR] Failed to load resource: net::ERR_CONNECTION_REFUSED @ http://localhost:3400/__poll:0
[  244030ms] [ERROR] Failed to load resource: net::ERR_CONNECTION_REFUSED @ http://localhost:3400/__poll:0
[  245030ms] [ERROR] Failed to load resource: net::ERR_CONNECTION_REFUSED @ http://localhost:3400/__poll:0
[  246030ms] [ERROR] Failed to load resource: net::ERR_CONNECTION_REFUSED @ http://localhost:3400/__poll:0
[  247032ms] [ERROR] Failed to load resource: net::ERR_CONNECTION_REFUSED @ http://localhost:3400/__poll:0
[  248031ms] [ERROR] Failed to load resource: net::ERR_CONNECTION_REFUSED @ http://localhost:3400/__poll:0
[  249031ms] [ERROR] Failed to load resource: net::ERR_CONNECTION_REFUSED @ http://localhost:3400/__poll:0
[  250030ms] [ERROR] Failed to load resource: net::ERR_CONNECTION_REFUSED @ http://localhost:3400/__poll:0
[  251032ms] [ERROR] Failed to load resource: net::ERR_CONNECTION_REFUSED @ http://localhost:3400/__poll:0
[  252031ms] [ERROR] Failed to load resource: net::ERR_CONNECTION_REFUSED @ http://localhost:3400/__poll:0
[  253030ms] [ERROR] Failed to load resource: net::ERR_CONNECTION_REFUSED @ http://localhost:3400/__poll:0
[  254031ms] [ERROR] Failed to load resource: net::ERR_CONNECTION_REFUSED @ http://localhost:3400/__poll:0
[  255032ms] [ERROR] Failed to load resource: net::ERR_CONNECTION_REFUSED @ http://localhost:3400/__poll:0
[  256029ms] [ERROR] Failed to load resource: net::ERR_CONNECTION_REFUSED @ http://localhost:3400/__poll:0
[  257033ms] [ERROR] Failed to load resource: net::ERR_CONNECTION_REFUSED @ http://localhost:3400/__poll:0
[  258031ms] [ERROR] Failed to load resource: net::ERR_CONNECTION_REFUSED @ http://localhost:3400/__poll:0
[  259030ms] [ERROR] Failed to load resource: net::ERR_CONNECTION_REFUSED @ http://localhost:3400/__poll:0
[  260028ms] [ERROR] Failed to load resource: net::ERR_CONNECTION_REFUSED @ http://localhost:3400/__poll:0
[  261031ms] [ERROR] Failed to load resource: net::ERR_CONNECTION_REFUSED @ http://localhost:3400/__poll:0
[  262030ms] [ERROR] Failed to load resource: net::ERR_CONNECTION_REFUSED @ http://localhost:3400/__poll:0
[  263029ms] [ERROR] Failed to load resource: net::ERR_CONNECTION_REFUSED @ http://localhost:3400/__poll:0
[  264031ms] [ERROR] Failed to load resource: net::ERR_CONNECTION_REFUSED @ http://localhost:3400/__poll:0
[  265032ms] [ERROR] Failed to load resource: net::ERR_CONNECTION_REFUSED @ http://localhost:3400/__poll:0
[  266031ms] [ERROR] Failed to load resource: net::ERR_CONNECTION_REFUSED @ http://localhost:3400/__poll:0
[  267029ms] [ERROR] Failed to load resource: net::ERR_CONNECTION_REFUSED @ http://localhost:3400/__poll:0
[  268030ms] [ERROR] Failed to load resource: net::ERR_CONNECTION_REFUSED @ http://localhost:3400/__poll:0
[  269029ms] [ERROR] Failed to load resource: net::ERR_CONNECTION_REFUSED @ http://localhost:3400/__poll:0
[  270030ms] [ERROR] Failed to load resource: net::ERR_CONNECTION_REFUSED @ http://localhost:3400/__poll:0
[  271028ms] [ERROR] Failed to load resource: net::ERR_CONNECTION_REFUSED @ http://localhost:3400/__poll:0
[  272031ms] [ERROR] Failed to load resource: net::ERR_CONNECTION_REFUSED @ http://localhost:3400/__poll:0
[  273030ms] [ERROR] Failed to load resource: net::ERR_CONNECTION_REFUSED @ http://localhost:3400/__poll:0
[  274029ms] [ERROR] Failed to load resource: net::ERR_CONNECTION_REFUSED @ http://localhost:3400/__poll:0
[  275028ms] [ERROR] Failed to load resource: net::ERR_CONNECTION_REFUSED @ http://localhost:3400/__poll:0
[  276031ms] [ERROR] Failed to load resource: the server responded with a status of 404 (Not Found) @ http://localhost:3400/__poll:0
[  277030ms] [ERROR] Failed to load resource: the server responded with a status of 404 (Not Found) @ http://localhost:3400/__poll:0
[  278032ms] [ERROR] Failed to load resource: the server responded with a status of 404 (Not Found) @ http://localhost:3400/__poll:0
[  279032ms] [ERROR] Failed to load resource: the server responded with a status of 404 (Not Found) @ http://localhost:3400/__poll:0
